\BOOKMARK [0][-]{section*.5}{Indice de Figuras}{}% 1
\BOOKMARK [0][-]{section*.7}{Indice de Tablas}{}% 2
\BOOKMARK [0][-]{chapter*.9}{Nomenclatura}{}% 3
\BOOKMARK [0][-]{chapter*.10}{Introducci\363n}{}% 4
\BOOKMARK [0][-]{chapter*.14}{Objetivo}{}% 5
\BOOKMARK [0][-]{chapter*.18}{Motivaci\363n}{}% 6
\BOOKMARK [0][-]{chapter.1}{Estado del Arte}{}% 7
\BOOKMARK [1][-]{section.1.1}{Historia de la din\341mica de fluidos computacional}{chapter.1}% 8
\BOOKMARK [1][-]{section.1.2}{La din\341mica de fluidos actualmente}{chapter.1}% 9
\BOOKMARK [1][-]{section.1.3}{La generaci\363n de mallas actualmente}{chapter.1}% 10
\BOOKMARK [1][-]{section.1.4}{Software disponible para DFC}{chapter.1}% 11
\BOOKMARK [0][-]{chapter.2}{Discretizaci\363n Espacial}{}% 12
\BOOKMARK [1][-]{section.2.1}{M\351todo de Diferencias Finitas}{chapter.2}% 13
\BOOKMARK [2][-]{subsection.2.1.1}{Desarrollo del m\351todo}{section.2.1}% 14
\BOOKMARK [0][-]{chapter.3}{Mallas}{}% 15
\BOOKMARK [1][-]{section.3.1}{Tipos de Mallas}{chapter.3}% 16
\BOOKMARK [2][-]{subsection.3.1.1}{Mallas tipo C}{section.3.1}% 17
\BOOKMARK [2][-]{subsection.3.1.2}{Mallas tipo O}{section.3.1}% 18
\BOOKMARK [2][-]{subsection.3.1.3}{Mallas tipo H}{section.3.1}% 19
\BOOKMARK [1][-]{section.3.2}{Consideraciones preliminares para la generaci\363n de mallas}{chapter.3}% 20
\BOOKMARK [1][-]{section.3.3}{T\351cnicas de generaci\363n del mallado}{chapter.3}% 21
\BOOKMARK [0][-]{chapter.4}{Generaci\363n de mallas mediante m\351todos algebr\341icos}{}% 22
\BOOKMARK [1][-]{section.4.1}{Interpolaci\363n unidireccional}{chapter.4}% 23
\BOOKMARK [2][-]{subsection.4.1.1}{Interpolaci\363n Polinomial}{section.4.1}% 24
\BOOKMARK [2][-]{subsection.4.1.2}{Interpolaci\363n mediante polinomios de Hermite}{section.4.1}% 25
\BOOKMARK [1][-]{section.4.2}{Interpolaci\363n multidireccional}{chapter.4}% 26
\BOOKMARK [2][-]{subsection.4.2.1}{Interpolaci\363n Transfinita - TFI}{section.4.2}% 27
\BOOKMARK [0][-]{chapter.5}{Generaci\363n de mallas mediante EDP}{}% 28
\BOOKMARK [1][-]{section.5.1}{Generaci\363n de mallas mediante EDP el\355pticas}{chapter.5}% 29
\BOOKMARK [2][-]{subsection.5.1.1}{Algoritmos de soluci\363n}{section.5.1}% 30
\BOOKMARK [2][-]{subsection.5.1.2}{M\351todos iterativos: Jacobi, Gauss-Seidel, SOR}{section.5.1}% 31
\BOOKMARK [1][-]{section.5.2}{Generaci\363n de mallas mediante EDP hiperb\363licas}{chapter.5}% 32
\BOOKMARK [0][-]{chapter.6}{Desarrollo Pr\341ctico}{}% 33
\BOOKMARK [0][-]{section*.157}{Referencias}{}% 34
